{"level":"info","message":"Starting application","timestamp":"8:33:35 PM"}
{"level":"info","message":"Creating HTTP server on port: 5000","timestamp":"8:33:35 PM"}
{"level":"info","message":"HTTP Server listening on port: 5000, in development mode","timestamp":"8:33:35 PM"}
{"level":"info","message":"Mongoose connected to the database","timestamp":"8:33:35 PM"}
{"level":"info","message":"Request from ::1","timestamp":"8:44:51 PM"}
{"level":"info","message":"Request from ::1","timestamp":"8:44:51 PM"}
{"level":"info","message":"Request from ::1","timestamp":"8:44:51 PM"}
{"level":"info","message":"Request from ::1","timestamp":"8:44:51 PM"}
{"level":"info","message":"Request from ::1","timestamp":"8:45:05 PM"}
{"level":"info","message":"Request from ::1","timestamp":"8:45:05 PM"}
{"level":"info","message":"Request from ::1","timestamp":"8:46:00 PM"}
{"level":"info","message":"Request from ::1","timestamp":"8:46:00 PM"}
{"level":"info","message":"Starting application","timestamp":"9:15:54 PM"}
{"level":"info","message":"Creating HTTP server on port: 5000","timestamp":"9:15:54 PM"}
{"level":"info","message":"HTTP Server listening on port: 5000, in development mode","timestamp":"9:15:54 PM"}
{"level":"info","message":"Mongoose connected to the database","timestamp":"9:15:54 PM"}
{"level":"info","message":"Starting application","timestamp":"4:52:33 PM"}
{"level":"info","message":"Creating HTTP server on port: 5000","timestamp":"4:52:33 PM"}
{"level":"info","message":"HTTP Server listening on port: 5000, in development mode","timestamp":"4:52:33 PM"}
{"level":"info","message":"Mongoose connected to the database","timestamp":"4:52:33 PM"}
{"level":"info","message":"Request from ::1","timestamp":"5:27:03 PM"}
{"level":"info","message":"Request from ::1","timestamp":"5:27:03 PM"}
{"level":"info","message":"Request from ::1","timestamp":"5:30:38 PM"}
{"level":"info","message":"Request from ::1","timestamp":"5:30:38 PM"}
