0 info it worked if it ends with ok
1 verbose cli [ 'C:\\Program Files\\nodejs\\node.exe',
1 verbose cli   'C:\\Program Files\\nodejs\\node_modules\\npm\\bin\\npm-cli.js',
1 verbose cli   'install',
1 verbose cli   '-save',
1 verbose cli   'glob' ]
2 info using npm@3.10.3
3 info using node@v6.6.0
4 silly loadCurrentTree Starting
5 silly install loadCurrentTree
6 silly install readLocalPackageData
7 silly fetchPackageMetaData glob
8 silly fetchNamedPackageData glob
9 silly mapToRegistry name glob
10 silly mapToRegistry using default registry
11 silly mapToRegistry registry https://registry.npmjs.org/
12 silly mapToRegistry data Result {
12 silly mapToRegistry   raw: 'glob',
12 silly mapToRegistry   scope: null,
12 silly mapToRegistry   escapedName: 'glob',
12 silly mapToRegistry   name: 'glob',
12 silly mapToRegistry   rawSpec: '',
12 silly mapToRegistry   spec: 'latest',
12 silly mapToRegistry   type: 'tag' }
13 silly mapToRegistry uri https://registry.npmjs.org/glob
14 verbose request uri https://registry.npmjs.org/glob
15 verbose request no auth needed
16 info attempt registry request try #1 at 2:16:25 PM
17 verbose request id 4bc9d42fb5305e40
18 verbose etag "3W6SLCL2VZ0PHS64O0A8WMF0O"
19 http request GET https://registry.npmjs.org/glob
20 info retry will retry, error on last attempt: Error: getaddrinfo ENOTFOUND registry.npmjs.org registry.npmjs.org:443
21 info attempt registry request try #2 at 2:16:35 PM
22 verbose etag "3W6SLCL2VZ0PHS64O0A8WMF0O"
23 http request GET https://registry.npmjs.org/glob
24 info retry will retry, error on last attempt: Error: getaddrinfo ENOTFOUND registry.npmjs.org registry.npmjs.org:443
25 info attempt registry request try #3 at 2:17:35 PM
26 verbose etag "3W6SLCL2VZ0PHS64O0A8WMF0O"
27 http request GET https://registry.npmjs.org/glob
28 silly get cb [ 304, undefined ]
29 verbose etag https://registry.npmjs.org/glob from cache
30 verbose get saving glob to C:\Users\abishek\AppData\Roaming\npm-cache\registry.npmjs.org\glob\.cache.json
31 verbose correctMkdir C:\Users\abishek\AppData\Roaming\npm-cache correctMkdir not in flight; initializing
32 silly install normalizeTree
33 silly loadCurrentTree Finishing
34 silly loadIdealTree Starting
35 silly install loadIdealTree
36 silly cloneCurrentTree Starting
37 silly install cloneCurrentTreeToIdealTree
38 silly cloneCurrentTree Finishing
39 silly loadShrinkwrap Starting
40 silly install loadShrinkwrap
41 silly loadShrinkwrap Finishing
42 silly loadAllDepsIntoIdealTree Starting
43 silly install loadAllDepsIntoIdealTree
44 silly resolveWithNewModule glob@7.1.0 checking installable status
45 silly cache add args [ 'glob', null ]
46 verbose cache add spec glob
47 silly cache add parsed spec Result {
47 silly cache add   raw: 'glob',
47 silly cache add   scope: null,
47 silly cache add   escapedName: 'glob',
47 silly cache add   name: 'glob',
47 silly cache add   rawSpec: '',
47 silly cache add   spec: 'latest',
47 silly cache add   type: 'tag' }
48 silly addNamed glob@latest
49 verbose addNamed "latest" is being treated as a dist-tag for glob
50 info addNameTag [ 'glob', 'latest' ]
51 silly mapToRegistry name glob
52 silly mapToRegistry using default registry
53 silly mapToRegistry registry https://registry.npmjs.org/
54 silly mapToRegistry data Result {
54 silly mapToRegistry   raw: 'glob',
54 silly mapToRegistry   scope: null,
54 silly mapToRegistry   escapedName: 'glob',
54 silly mapToRegistry   name: 'glob',
54 silly mapToRegistry   rawSpec: '',
54 silly mapToRegistry   spec: 'latest',
54 silly mapToRegistry   type: 'tag' }
55 silly mapToRegistry uri https://registry.npmjs.org/glob
56 verbose addNameTag registry:https://registry.npmjs.org/glob not in flight; fetching
57 verbose get https://registry.npmjs.org/glob not expired, no request
58 silly addNameTag next cb for glob with tag latest
59 silly addNamed glob@7.1.0
60 verbose addNamed "7.1.0" is a plain semver version for glob
61 silly mapToRegistry name glob
62 silly mapToRegistry using default registry
63 silly mapToRegistry registry https://registry.npmjs.org/
64 silly mapToRegistry data Result {
64 silly mapToRegistry   raw: 'glob',
64 silly mapToRegistry   scope: null,
64 silly mapToRegistry   escapedName: 'glob',
64 silly mapToRegistry   name: 'glob',
64 silly mapToRegistry   rawSpec: '',
64 silly mapToRegistry   spec: 'latest',
64 silly mapToRegistry   type: 'tag' }
65 silly mapToRegistry uri https://registry.npmjs.org/glob
66 verbose addRemoteTarball https://registry.npmjs.org/glob/-/glob-7.1.0.tgz not in flight; adding
67 verbose addRemoteTarball [ 'https://registry.npmjs.org/glob/-/glob-7.1.0.tgz',
67 verbose addRemoteTarball   '36add856d746d0d99e4cc2797bba1ae2c67272fd' ]
68 info retry fetch attempt 1 at 2:17:35 PM
69 info attempt registry request try #1 at 2:17:35 PM
70 http fetch GET https://registry.npmjs.org/glob/-/glob-7.1.0.tgz
71 info retry will retry, error on last attempt: Error: getaddrinfo ENOTFOUND registry.npmjs.org registry.npmjs.org:443
72 info attempt registry request try #2 at 2:17:46 PM
73 http fetch GET https://registry.npmjs.org/glob/-/glob-7.1.0.tgz
74 info retry will retry, error on last attempt: Error: getaddrinfo ENOTFOUND registry.npmjs.org registry.npmjs.org:443
75 info attempt registry request try #3 at 2:18:46 PM
76 http fetch GET https://registry.npmjs.org/glob/-/glob-7.1.0.tgz
77 error fetch failed https://registry.npmjs.org/glob/-/glob-7.1.0.tgz
78 warn retry will retry, error on last attempt: Error: getaddrinfo ENOTFOUND registry.npmjs.org registry.npmjs.org:443
79 info retry fetch attempt 2 at 2:18:56 PM
80 info attempt registry request try #1 at 2:18:56 PM
81 http fetch GET https://registry.npmjs.org/glob/-/glob-7.1.0.tgz
82 info retry will retry, error on last attempt: Error: getaddrinfo ENOTFOUND registry.npmjs.org registry.npmjs.org:443
83 info attempt registry request try #2 at 2:19:06 PM
84 http fetch GET https://registry.npmjs.org/glob/-/glob-7.1.0.tgz
85 info retry will retry, error on last attempt: Error: getaddrinfo ENOTFOUND registry.npmjs.org registry.npmjs.org:443
86 info attempt registry request try #3 at 2:20:06 PM
87 http fetch GET https://registry.npmjs.org/glob/-/glob-7.1.0.tgz
88 error fetch failed https://registry.npmjs.org/glob/-/glob-7.1.0.tgz
89 warn retry will retry, error on last attempt: Error: getaddrinfo ENOTFOUND registry.npmjs.org registry.npmjs.org:443
90 info retry fetch attempt 3 at 2:21:06 PM
91 info attempt registry request try #1 at 2:21:06 PM
92 http fetch GET https://registry.npmjs.org/glob/-/glob-7.1.0.tgz
93 info retry will retry, error on last attempt: Error: getaddrinfo ENOTFOUND registry.npmjs.org registry.npmjs.org:443
94 info attempt registry request try #2 at 2:21:16 PM
95 http fetch GET https://registry.npmjs.org/glob/-/glob-7.1.0.tgz
96 info retry will retry, error on last attempt: Error: getaddrinfo ENOTFOUND registry.npmjs.org registry.npmjs.org:443
97 info attempt registry request try #3 at 2:22:16 PM
98 http fetch GET https://registry.npmjs.org/glob/-/glob-7.1.0.tgz
99 error fetch failed https://registry.npmjs.org/glob/-/glob-7.1.0.tgz
100 silly rollbackFailedOptional Starting
101 silly rollbackFailedOptional Finishing
102 silly runTopLevelLifecycles Starting
103 silly runTopLevelLifecycles Finishing
104 silly install printInstalled
105 verbose stack Error: getaddrinfo ENOTFOUND registry.npmjs.org registry.npmjs.org:443
105 verbose stack     at errnoException (dns.js:28:10)
105 verbose stack     at GetAddrInfoReqWrap.onlookup [as oncomplete] (dns.js:76:26)
106 verbose cwd c:\Users\abishek\Desktop\web development\codes\chirps\app
107 error Windows_NT 10.0.14393
108 error argv "C:\\Program Files\\nodejs\\node.exe" "C:\\Program Files\\nodejs\\node_modules\\npm\\bin\\npm-cli.js" "install" "-save" "glob"
109 error node v6.6.0
110 error npm  v3.10.3
111 error code ENOTFOUND
112 error errno ENOTFOUND
113 error syscall getaddrinfo
114 error network getaddrinfo ENOTFOUND registry.npmjs.org registry.npmjs.org:443
115 error network This is most likely not a problem with npm itself
115 error network and is related to network connectivity.
115 error network In most cases you are behind a proxy or have bad network settings.
115 error network
115 error network If you are behind a proxy, please make sure that the
115 error network 'proxy' config is set properly.  See: 'npm help config'
116 verbose exit [ 1, true ]
